# JRE version: OpenJDK Runtime Environment (8.0_112-b06) (build 1.8.0_112-release-b06)
# Java VM: OpenJDK 64-Bit Server VM (25.112-b06 mixed mode windows-amd64 compressed oops)
Heap:
 PSYoungGen      total 87552K, used 52870K [0x00000000e0000000, 0x00000000e7a00000, 0x0000000100000000)
  eden space 78848K, 67% used [0x00000000e0000000,0x00000000e33a18a0,0x00000000e4d00000)
  from space 8704K, 0% used [0x00000000e4d00000,0x00000000e4d00000,0x00000000e5580000)
  to   space 8704K, 0% used [0x00000000e7180000,0x00000000e7180000,0x00000000e7a00000)
 ParOldGen       total 48640K, used 15713K [0x00000000a0000000, 0x00000000a2f80000, 0x00000000e0000000)
  object space 48640K, 32% used [0x00000000a0000000,0x00000000a0f58458,0x00000000a2f80000)
 Metaspace       used 37536K, capacity 38312K, committed 38528K, reserved 1083392K
  class space    used 5002K, capacity 5233K, committed 5248K, reserved 1048576K
GC Heap History (10 events):
Event: 19.754 GC heap before
{Heap before GC invocations=9 (full 1):
 PSYoungGen      total 38912K, used 32768K [0x00000000e0000000, 0x00000000e4f00000, 0x0000000100000000)
  eden space 32768K, 100% used [0x00000000e0000000,0x00000000e2000000,0x00000000e2000000)
  from space 6144K, 0% used [0x00000000e2000000,0x00000000e2000000,0x00000000e2600000)
  to   space 7680K, 0% used [0x00000000e4780000,0x00000000e4780000,0x00000000e4f00000)
 ParOldGen       total 32768K, used 8924K [0x00000000a0000000, 0x00000000a2000000, 0x00000000e0000000)
  object space 32768K, 27% used [0x00000000a0000000,0x00000000a08b73d8,0x00000000a2000000)
 Metaspace       used 23961K, capacity 24298K, committed 24576K, reserved 1071104K
  class space    used 3211K, capacity 3326K, committed 3328K, reserved 1048576K
Event: 19.766 GC heap after
Heap after GC invocations=9 (full 1):
 PSYoungGen      total 61440K, used 4839K [0x00000000e0000000, 0x00000000e4c80000, 0x0000000100000000)
  eden space 56320K, 0% used [0x00000000e0000000,0x00000000e0000000,0x00000000e3700000)
  from space 5120K, 94% used [0x00000000e4780000,0x00000000e4c39db0,0x00000000e4c80000)
  to   space 7680K, 0% used [0x00000000e3d80000,0x00000000e3d80000,0x00000000e4500000)
 ParOldGen       total 32768K, used 8932K [0x00000000a0000000, 0x00000000a2000000, 0x00000000e0000000)
  object space 32768K, 27% used [0x00000000a0000000,0x00000000a08b93d8,0x00000000a2000000)
 Metaspace       used 23961K, capacity 24298K, committed 24576K, reserved 1071104K
  class space    used 3211K, capacity 3326K, committed 3328K, reserved 1048576K
}
Event: 23.417 GC heap before
{Heap before GC invocations=10 (full 1):
 PSYoungGen      total 61440K, used 61159K [0x00000000e0000000, 0x00000000e4c80000, 0x0000000100000000)
  eden space 56320K, 100% used [0x00000000e0000000,0x00000000e3700000,0x00000000e3700000)
  from space 5120K, 94% used [0x00000000e4780000,0x00000000e4c39db0,0x00000000e4c80000)
  to   space 7680K, 0% used [0x00000000e3d80000,0x00000000e3d80000,0x00000000e4500000)
 ParOldGen       total 32768K, used 8932K [0x00000000a0000000, 0x00000000a2000000, 0x00000000e0000000)
  object space 32768K, 27% used [0x00000000a0000000,0x00000000a08b93d8,0x00000000a2000000)
 Metaspace       used 28692K, capacity 29152K, committed 29440K, reserved 1075200K
  class space    used 3913K, capacity 4045K, committed 4096K, reserved 1048576K
Event: 23.445 GC heap after
Heap after GC invocations=10 (full 1):
 PSYoungGen      total 70656K, used 7014K [0x00000000e0000000, 0x00000000e5d80000, 0x0000000100000000)
  eden space 62976K, 0% used [0x00000000e0000000,0x00000000e0000000,0x00000000e3d80000)
  from space 7680K, 91% used [0x00000000e3d80000,0x00000000e4459988,0x00000000e4500000)
  to   space 8192K, 0% used [0x00000000e5580000,0x00000000e5580000,0x00000000e5d80000)
 ParOldGen       total 32768K, used 8940K [0x00000000a0000000, 0x00000000a2000000, 0x00000000e0000000)
  object space 32768K, 27% used [0x00000000a0000000,0x00000000a08bb3d8,0x00000000a2000000)
 Metaspace       used 28692K, capacity 29152K, committed 29440K, reserved 1075200K
  class space    used 3913K, capacity 4045K, committed 4096K, reserved 1048576K
}
Event: 41.062 GC heap before
{Heap before GC invocations=11 (full 1):
 PSYoungGen      total 70656K, used 69990K [0x00000000e0000000, 0x00000000e5d80000, 0x0000000100000000)
  eden space 62976K, 100% used [0x00000000e0000000,0x00000000e3d80000,0x00000000e3d80000)
  from space 7680K, 91% used [0x00000000e3d80000,0x00000000e4459988,0x00000000e4500000)
  to   space 8192K, 0% used [0x00000000e5580000,0x00000000e5580000,0x00000000e5d80000)
 ParOldGen       total 32768K, used 8940K [0x00000000a0000000, 0x00000000a2000000, 0x00000000e0000000)
  object space 32768K, 27% used [0x00000000a0000000,0x00000000a08bb3d8,0x00000000a2000000)
 Metaspace       used 32342K, capacity 32852K, committed 33152K, reserved 1077248K
  class space    used 4343K, capacity 4472K, committed 4480K, reserved 1048576K
Event: 41.091 GC heap after
Heap after GC invocations=11 (full 1):
 PSYoungGen      total 87040K, used 6607K [0x00000000e0000000, 0x00000000e6580000, 0x0000000100000000)
  eden space 78848K, 0% used [0x00000000e0000000,0x00000000e0000000,0x00000000e4d00000)
  from space 8192K, 80% used [0x00000000e5580000,0x00000000e5bf3e48,0x00000000e5d80000)
  to   space 8704K, 0% used [0x00000000e4d00000,0x00000000e4d00000,0x00000000e5580000)
 ParOldGen       total 32768K, used 10977K [0x00000000a0000000, 0x00000000a2000000, 0x00000000e0000000)
  object space 32768K, 33% used [0x00000000a0000000,0x00000000a0ab8468,0x00000000a2000000)
 Metaspace       used 32342K, capacity 32852K, committed 33152K, reserved 1077248K
  class space    used 4343K, capacity 4472K, committed 4480K, reserved 1048576K
}
Event: 43.379 GC heap before
{Heap before GC invocations=12 (full 1):
 PSYoungGen      total 87040K, used 52874K [0x00000000e0000000, 0x00000000e6580000, 0x0000000100000000)
  eden space 78848K, 58% used [0x00000000e0000000,0x00000000e2d2eaf8,0x00000000e4d00000)
  from space 8192K, 80% used [0x00000000e5580000,0x00000000e5bf3e48,0x00000000e5d80000)
  to   space 8704K, 0% used [0x00000000e4d00000,0x00000000e4d00000,0x00000000e5580000)
 ParOldGen       total 32768K, used 10977K [0x00000000a0000000, 0x00000000a2000000, 0x00000000e0000000)
  object space 32768K, 33% used [0x00000000a0000000,0x00000000a0ab8468,0x00000000a2000000)
 Metaspace       used 34825K, capacity 35350K, committed 35496K, reserved 1079296K
  class space    used 4650K, capacity 4815K, committed 4864K, reserved 1048576K
Event: 43.398 GC heap after
Heap after GC invocations=12 (full 1):
 PSYoungGen      total 87552K, used 3613K [0x00000000e0000000, 0x00000000e7a00000, 0x0000000100000000)
  eden space 78848K, 0% used [0x00000000e0000000,0x00000000e0000000,0x00000000e4d00000)
  from space 8704K, 41% used [0x00000000e4d00000,0x00000000e50877d8,0x00000000e5580000)
  to   space 8704K, 0% used [0x00000000e7180000,0x00000000e7180000,0x00000000e7a00000)
 ParOldGen       total 32768K, used 14965K [0x00000000a0000000, 0x00000000a2000000, 0x00000000e0000000)
  object space 32768K, 45% used [0x00000000a0000000,0x00000000a0e9d7b8,0x00000000a2000000)
 Metaspace       used 34825K, capacity 35350K, committed 35496K, reserved 1079296K
  class space    used 4650K, capacity 4815K, committed 4864K, reserved 1048576K
}
Event: 43.398 GC heap before
{Heap before GC invocations=13 (full 2):
 PSYoungGen      total 87552K, used 3613K [0x00000000e0000000, 0x00000000e7a00000, 0x0000000100000000)
  eden space 78848K, 0% used [0x00000000e0000000,0x00000000e0000000,0x00000000e4d00000)
  from space 8704K, 41% used [0x00000000e4d00000,0x00000000e50877d8,0x00000000e5580000)
  to   space 8704K, 0% used [0x00000000e7180000,0x00000000e7180000,0x00000000e7a00000)
 ParOldGen       total 32768K, used 14965K [0x00000000a0000000, 0x00000000a2000000, 0x00000000e0000000)
  object space 32768K, 45% used [0x00000000a0000000,0x00000000a0e9d7b8,0x00000000a2000000)
 Metaspace       used 34825K, capacity 35350K, committed 35496K, reserved 1079296K
  class space    used 4650K, capacity 4815K, committed 4864K, reserved 1048576K
Event: 43.573 GC heap after
Heap after GC invocations=13 (full 2):
 PSYoungGen      total 87552K, used 0K [0x00000000e0000000, 0x00000000e7a00000, 0x0000000100000000)
  eden space 78848K, 0% used [0x00000000e0000000,0x00000000e0000000,0x00000000e4d00000)
  from space 8704K, 0% used [0x00000000e4d00000,0x00000000e4d00000,0x00000000e5580000)
  to   space 8704K, 0% used [0x00000000e7180000,0x00000000e7180000,0x00000000e7a00000)
 ParOldGen       total 48640K, used 15713K [0x00000000a0000000, 0x00000000a2f80000, 0x00000000e0000000)
  object space 48640K, 32% used [0x00000000a0000000,0x00000000a0f58458,0x00000000a2f80000)
 Metaspace       used 34825K, capacity 35350K, committed 35496K, reserved 1079296K
  class space    used 4650K, capacity 4815K, committed 4864K, reserved 1048576K
}

