# JRE version: OpenJDK Runtime Environment (8.0_112-b06) (build 1.8.0_112-release-b06)
# Java VM: OpenJDK 64-Bit Server VM (25.112-b06 mixed mode windows-amd64 compressed oops)
Heap:
 PSYoungGen      total 109568K, used 52935K [0x00000000e0000000, 0x00000000e9080000, 0x0000000100000000)
  eden space 98816K, 44% used [0x00000000e0000000,0x00000000e2ae2218,0x00000000e6080000)
  from space 10752K, 83% used [0x00000000e6080000,0x00000000e694fcd0,0x00000000e6b00000)
  to   space 11776K, 0% used [0x00000000e8500000,0x00000000e8500000,0x00000000e9080000)
 ParOldGen       total 40448K, used 30079K [0x00000000a0000000, 0x00000000a2780000, 0x00000000e0000000)
  object space 40448K, 74% used [0x00000000a0000000,0x00000000a1d5fc48,0x00000000a2780000)
 Metaspace       used 55801K, capacity 57504K, committed 57600K, reserved 1099776K
  class space    used 7490K, capacity 7915K, committed 7936K, reserved 1048576K
GC Heap History (10 events):
Event: 30.174 GC heap before
{Heap before GC invocations=17 (full 2):
 PSYoungGen      total 61440K, used 2347K [0x00000000e0000000, 0x00000000e5b00000, 0x0000000100000000)
  eden space 54272K, 0% used [0x00000000e0000000,0x00000000e0000000,0x00000000e3500000)
  from space 7168K, 32% used [0x00000000e3500000,0x00000000e374ae18,0x00000000e3c00000)
  to   space 7168K, 0% used [0x00000000e5400000,0x00000000e5400000,0x00000000e5b00000)
 ParOldGen       total 28160K, used 13983K [0x00000000a0000000, 0x00000000a1b80000, 0x00000000e0000000)
  object space 28160K, 49% used [0x00000000a0000000,0x00000000a0da7cd0,0x00000000a1b80000)
 Metaspace       used 34826K, capacity 35306K, committed 35496K, reserved 1079296K
  class space    used 4644K, capacity 4781K, committed 4864K, reserved 1048576K
Event: 30.390 GC heap after
Heap after GC invocations=17 (full 2):
 PSYoungGen      total 61440K, used 0K [0x00000000e0000000, 0x00000000e5b00000, 0x0000000100000000)
  eden space 54272K, 0% used [0x00000000e0000000,0x00000000e0000000,0x00000000e3500000)
  from space 7168K, 0% used [0x00000000e3500000,0x00000000e3500000,0x00000000e3c00000)
  to   space 7168K, 0% used [0x00000000e5400000,0x00000000e5400000,0x00000000e5b00000)
 ParOldGen       total 40448K, used 14790K [0x00000000a0000000, 0x00000000a2780000, 0x00000000e0000000)
  object space 40448K, 36% used [0x00000000a0000000,0x00000000a0e71b88,0x00000000a2780000)
 Metaspace       used 34826K, capacity 35306K, committed 35496K, reserved 1079296K
  class space    used 4644K, capacity 4781K, committed 4864K, reserved 1048576K
}
Event: 33.008 GC heap before
{Heap before GC invocations=18 (full 2):
 PSYoungGen      total 61440K, used 54272K [0x00000000e0000000, 0x00000000e5b00000, 0x0000000100000000)
  eden space 54272K, 100% used [0x00000000e0000000,0x00000000e3500000,0x00000000e3500000)
  from space 7168K, 0% used [0x00000000e3500000,0x00000000e3500000,0x00000000e3c00000)
  to   space 7168K, 0% used [0x00000000e5400000,0x00000000e5400000,0x00000000e5b00000)
 ParOldGen       total 40448K, used 14790K [0x00000000a0000000, 0x00000000a2780000, 0x00000000e0000000)
  object space 40448K, 36% used [0x00000000a0000000,0x00000000a0e71b88,0x00000000a2780000)
 Metaspace       used 37626K, capacity 38358K, committed 38528K, reserved 1083392K
  class space    used 5012K, capacity 5230K, committed 5248K, reserved 1048576K
Event: 33.154 GC heap after
Heap after GC invocations=18 (full 2):
 PSYoungGen      total 85504K, used 6936K [0x00000000e0000000, 0x00000000e5d00000, 0x0000000100000000)
  eden space 78336K, 0% used [0x00000000e0000000,0x00000000e0000000,0x00000000e4c80000)
  from space 7168K, 96% used [0x00000000e5400000,0x00000000e5ac6290,0x00000000e5b00000)
  to   space 7680K, 0% used [0x00000000e4c80000,0x00000000e4c80000,0x00000000e5400000)
 ParOldGen       total 40448K, used 14798K [0x00000000a0000000, 0x00000000a2780000, 0x00000000e0000000)
  object space 40448K, 36% used [0x00000000a0000000,0x00000000a0e73b88,0x00000000a2780000)
 Metaspace       used 37626K, capacity 38358K, committed 38528K, reserved 1083392K
  class space    used 5012K, capacity 5230K, committed 5248K, reserved 1048576K
}
Event: 38.290 GC heap before
{Heap before GC invocations=19 (full 2):
 PSYoungGen      total 85504K, used 85272K [0x00000000e0000000, 0x00000000e5d00000, 0x0000000100000000)
  eden space 78336K, 100% used [0x00000000e0000000,0x00000000e4c80000,0x00000000e4c80000)
  from space 7168K, 96% used [0x00000000e5400000,0x00000000e5ac6290,0x00000000e5b00000)
  to   space 7680K, 0% used [0x00000000e4c80000,0x00000000e4c80000,0x00000000e5400000)
 ParOldGen       total 40448K, used 14798K [0x00000000a0000000, 0x00000000a2780000, 0x00000000e0000000)
  object space 40448K, 36% used [0x00000000a0000000,0x00000000a0e73b88,0x00000000a2780000)
 Metaspace       used 43452K, capacity 44344K, committed 44544K, reserved 1087488K
  class space    used 5774K, capacity 6019K, committed 6144K, reserved 1048576K
Event: 38.323 GC heap after
Heap after GC invocations=19 (full 2):
 PSYoungGen      total 86016K, used 5844K [0x00000000e0000000, 0x00000000e7300000, 0x0000000100000000)
  eden space 78336K, 0% used [0x00000000e0000000,0x00000000e0000000,0x00000000e4c80000)
  from space 7680K, 76% used [0x00000000e4c80000,0x00000000e5235188,0x00000000e5400000)
  to   space 8192K, 0% used [0x00000000e6b00000,0x00000000e6b00000,0x00000000e7300000)
 ParOldGen       total 40448K, used 20022K [0x00000000a0000000, 0x00000000a2780000, 0x00000000e0000000)
  object space 40448K, 49% used [0x00000000a0000000,0x00000000a138da50,0x00000000a2780000)
 Metaspace       used 43452K, capacity 44344K, committed 44544K, reserved 1087488K
  class space    used 5774K, capacity 6019K, committed 6144K, reserved 1048576K
}
Event: 43.916 GC heap before
{Heap before GC invocations=20 (full 2):
 PSYoungGen      total 86016K, used 84180K [0x00000000e0000000, 0x00000000e7300000, 0x0000000100000000)
  eden space 78336K, 100% used [0x00000000e0000000,0x00000000e4c80000,0x00000000e4c80000)
  from space 7680K, 76% used [0x00000000e4c80000,0x00000000e5235188,0x00000000e5400000)
  to   space 8192K, 0% used [0x00000000e6b00000,0x00000000e6b00000,0x00000000e7300000)
 ParOldGen       total 40448K, used 20022K [0x00000000a0000000, 0x00000000a2780000, 0x00000000e0000000)
  object space 40448K, 49% used [0x00000000a0000000,0x00000000a138da50,0x00000000a2780000)
 Metaspace       used 47740K, capacity 49150K, committed 49280K, reserved 1091584K
  class space    used 6420K, capacity 6768K, committed 6784K, reserved 1048576K
Event: 43.987 GC heap after
Heap after GC invocations=20 (full 2):
 PSYoungGen      total 107008K, used 8172K [0x00000000e0000000, 0x00000000e7700000, 0x0000000100000000)
  eden space 98816K, 0% used [0x00000000e0000000,0x00000000e0000000,0x00000000e6080000)
  from space 8192K, 99% used [0x00000000e6b00000,0x00000000e72fb3d8,0x00000000e7300000)
  to   space 10752K, 0% used [0x00000000e6080000,0x00000000e6080000,0x00000000e6b00000)
 ParOldGen       total 40448K, used 23376K [0x00000000a0000000, 0x00000000a2780000, 0x00000000e0000000)
  object space 40448K, 57% used [0x00000000a0000000,0x00000000a16d43b8,0x00000000a2780000)
 Metaspace       used 47740K, capacity 49150K, committed 49280K, reserved 1091584K
  class space    used 6420K, capacity 6768K, committed 6784K, reserved 1048576K
}
Event: 56.447 GC heap before
{Heap before GC invocations=21 (full 2):
 PSYoungGen      total 107008K, used 106988K [0x00000000e0000000, 0x00000000e7700000, 0x0000000100000000)
  eden space 98816K, 100% used [0x00000000e0000000,0x00000000e6080000,0x00000000e6080000)
  from space 8192K, 99% used [0x00000000e6b00000,0x00000000e72fb3d8,0x00000000e7300000)
  to   space 10752K, 0% used [0x00000000e6080000,0x00000000e6080000,0x00000000e6b00000)
 ParOldGen       total 40448K, used 23376K [0x00000000a0000000, 0x00000000a2780000, 0x00000000e0000000)
  object space 40448K, 57% used [0x00000000a0000000,0x00000000a16d43b8,0x00000000a2780000)
 Metaspace       used 51657K, capacity 53228K, committed 53504K, reserved 1095680K
  class space    used 6981K, capacity 7363K, committed 7424K, reserved 1048576K
Event: 56.524 GC heap after
Heap after GC invocations=21 (full 2):
 PSYoungGen      total 109568K, used 9023K [0x00000000e0000000, 0x00000000e9080000, 0x0000000100000000)
  eden space 98816K, 0% used [0x00000000e0000000,0x00000000e0000000,0x00000000e6080000)
  from space 10752K, 83% used [0x00000000e6080000,0x00000000e694fcd0,0x00000000e6b00000)
  to   space 11776K, 0% used [0x00000000e8500000,0x00000000e8500000,0x00000000e9080000)
 ParOldGen       total 40448K, used 30079K [0x00000000a0000000, 0x00000000a2780000, 0x00000000e0000000)
  object space 40448K, 74% used [0x00000000a0000000,0x00000000a1d5fc48,0x00000000a2780000)
 Metaspace       used 51657K, capacity 53228K, committed 53504K, reserved 1095680K
  class space    used 6981K, capacity 7363K, committed 7424K, reserved 1048576K
}

